2021-06-22 21:39:13,171 ERROR [JavaFX Application Thread] main.Main [Main.java : 39] Parent loading failed
javafx.fxml.LoadException: 
/C:/temp/workspace/workspace/yuppy-1.5/target/classes/InjectionScreen.fxml

	at javafx.fxml/javafx.fxml.FXMLLoader.constructLoadException(FXMLLoader.java:2707)
	at javafx.fxml/javafx.fxml.FXMLLoader.loadImpl(FXMLLoader.java:2677)
	at javafx.fxml/javafx.fxml.FXMLLoader.loadImpl(FXMLLoader.java:2548)
	at javafx.fxml/javafx.fxml.FXMLLoader.load(FXMLLoader.java:2517)
	at yuppymodule@0.0.1-SNAPSHOT/main.Main.start(Main.java:37)
	at javafx.graphics/com.sun.javafx.application.LauncherImpl.lambda$launchApplication1$9(LauncherImpl.java:846)
	at javafx.graphics/com.sun.javafx.application.PlatformImpl.lambda$runAndWait$12(PlatformImpl.java:455)
	at javafx.graphics/com.sun.javafx.application.PlatformImpl.lambda$runLater$10(PlatformImpl.java:428)
	at java.base/java.security.AccessController.doPrivileged(AccessController.java:391)
	at javafx.graphics/com.sun.javafx.application.PlatformImpl.lambda$runLater$11(PlatformImpl.java:427)
	at javafx.graphics/com.sun.glass.ui.InvokeLaterDispatcher$Future.run(InvokeLaterDispatcher.java:96)
	at javafx.graphics/com.sun.glass.ui.win.WinApplication._runLoop(Native Method)
	at javafx.graphics/com.sun.glass.ui.win.WinApplication.lambda$runLoop$3(WinApplication.java:174)
	at java.base/java.lang.Thread.run(Thread.java:832)
Caused by: java.lang.reflect.InvocationTargetException: null
	at java.base/jdk.internal.reflect.NativeMethodAccessorImpl.invoke0(Native Method)
	at java.base/jdk.internal.reflect.NativeMethodAccessorImpl.invoke(NativeMethodAccessorImpl.java:64)
	at java.base/jdk.internal.reflect.DelegatingMethodAccessorImpl.invoke(DelegatingMethodAccessorImpl.java:43)
	at java.base/java.lang.reflect.Method.invoke(Method.java:564)
	at com.sun.javafx.reflect.Trampoline.invoke(MethodUtil.java:76)
	at jdk.internal.reflect.GeneratedMethodAccessor2.invoke(Unknown Source)
	at java.base/jdk.internal.reflect.DelegatingMethodAccessorImpl.invoke(DelegatingMethodAccessorImpl.java:43)
	at java.base/java.lang.reflect.Method.invoke(Method.java:564)
	at javafx.base/com.sun.javafx.reflect.MethodUtil.invoke(MethodUtil.java:273)
	at javafx.fxml/com.sun.javafx.fxml.MethodHelper.invoke(MethodHelper.java:83)
	at javafx.fxml/javafx.fxml.FXMLLoader.loadImpl(FXMLLoader.java:2673)
	... 12 common frames omitted
Caused by: java.lang.IllegalArgumentException: Missing scheme
	at java.base/java.nio.file.Path.of(Path.java:199)
	at java.base/java.nio.file.Paths.get(Paths.java:98)
	at yuppymodule@0.0.1-SNAPSHOT/model.ExtractProperties.<init>(ExtractProperties.java:27)
	at yuppymodule@0.0.1-SNAPSHOT/screen.ScreenController.initialize(ScreenController.java:79)
	... 23 common frames omitted
2021-06-22 21:57:55,491 ERROR [JavaFX Application Thread] m.YuppyMain [YuppyMain.java : 39] Parent loading failed
javafx.fxml.LoadException: 
/C:/temp/workspace/workspace/yuppy-1.5/target/classes/InjectionScreen.fxml

	at javafx.fxml/javafx.fxml.FXMLLoader.constructLoadException(FXMLLoader.java:2707)
	at javafx.fxml/javafx.fxml.FXMLLoader.loadImpl(FXMLLoader.java:2677)
	at javafx.fxml/javafx.fxml.FXMLLoader.loadImpl(FXMLLoader.java:2548)
	at javafx.fxml/javafx.fxml.FXMLLoader.load(FXMLLoader.java:2517)
	at yuppymodule/main.YuppyMain.start(YuppyMain.java:37)
	at javafx.graphics/com.sun.javafx.application.LauncherImpl.lambda$launchApplication1$9(LauncherImpl.java:846)
	at javafx.graphics/com.sun.javafx.application.PlatformImpl.lambda$runAndWait$12(PlatformImpl.java:455)
	at javafx.graphics/com.sun.javafx.application.PlatformImpl.lambda$runLater$10(PlatformImpl.java:428)
	at java.base/java.security.AccessController.doPrivileged(AccessController.java:391)
	at javafx.graphics/com.sun.javafx.application.PlatformImpl.lambda$runLater$11(PlatformImpl.java:427)
	at javafx.graphics/com.sun.glass.ui.InvokeLaterDispatcher$Future.run(InvokeLaterDispatcher.java:96)
	at javafx.graphics/com.sun.glass.ui.win.WinApplication._runLoop(Native Method)
	at javafx.graphics/com.sun.glass.ui.win.WinApplication.lambda$runLoop$3(WinApplication.java:174)
	at java.base/java.lang.Thread.run(Thread.java:832)
Caused by: java.lang.reflect.InvocationTargetException: null
	at java.base/jdk.internal.reflect.NativeMethodAccessorImpl.invoke0(Native Method)
	at java.base/jdk.internal.reflect.NativeMethodAccessorImpl.invoke(NativeMethodAccessorImpl.java:64)
	at java.base/jdk.internal.reflect.DelegatingMethodAccessorImpl.invoke(DelegatingMethodAccessorImpl.java:43)
	at java.base/java.lang.reflect.Method.invoke(Method.java:564)
	at com.sun.javafx.reflect.Trampoline.invoke(MethodUtil.java:76)
	at jdk.internal.reflect.GeneratedMethodAccessor2.invoke(Unknown Source)
	at java.base/jdk.internal.reflect.DelegatingMethodAccessorImpl.invoke(DelegatingMethodAccessorImpl.java:43)
	at java.base/java.lang.reflect.Method.invoke(Method.java:564)
	at javafx.base/com.sun.javafx.reflect.MethodUtil.invoke(MethodUtil.java:273)
	at javafx.fxml/com.sun.javafx.fxml.MethodHelper.invoke(MethodHelper.java:83)
	at javafx.fxml/javafx.fxml.FXMLLoader.loadImpl(FXMLLoader.java:2673)
	... 12 common frames omitted
Caused by: java.lang.IllegalArgumentException: Missing scheme
	at java.base/java.nio.file.Path.of(Path.java:199)
	at java.base/java.nio.file.Paths.get(Paths.java:98)
	at yuppymodule/model.ExtractProperties.<init>(ExtractProperties.java:27)
	at yuppymodule/screen.ScreenController.initialize(ScreenController.java:79)
	... 23 common frames omitted
2021-06-22 22:01:46,138 ERROR [JavaFX Application Thread] m.YuppyMain [YuppyMain.java : 40] Parent loading failed
javafx.fxml.LoadException: 
/C:/temp/workspace/workspace/yuppy-1.5/target/classes/InjectionScreen.fxml

	at javafx.fxml/javafx.fxml.FXMLLoader.constructLoadException(FXMLLoader.java:2707)
	at javafx.fxml/javafx.fxml.FXMLLoader.loadImpl(FXMLLoader.java:2677)
	at javafx.fxml/javafx.fxml.FXMLLoader.loadImpl(FXMLLoader.java:2548)
	at javafx.fxml/javafx.fxml.FXMLLoader.load(FXMLLoader.java:2517)
	at yuppymodule/main.YuppyMain.start(YuppyMain.java:38)
	at javafx.graphics/com.sun.javafx.application.LauncherImpl.lambda$launchApplication1$9(LauncherImpl.java:846)
	at javafx.graphics/com.sun.javafx.application.PlatformImpl.lambda$runAndWait$12(PlatformImpl.java:455)
	at javafx.graphics/com.sun.javafx.application.PlatformImpl.lambda$runLater$10(PlatformImpl.java:428)
	at java.base/java.security.AccessController.doPrivileged(AccessController.java:391)
	at javafx.graphics/com.sun.javafx.application.PlatformImpl.lambda$runLater$11(PlatformImpl.java:427)
	at javafx.graphics/com.sun.glass.ui.InvokeLaterDispatcher$Future.run(InvokeLaterDispatcher.java:96)
	at javafx.graphics/com.sun.glass.ui.win.WinApplication._runLoop(Native Method)
	at javafx.graphics/com.sun.glass.ui.win.WinApplication.lambda$runLoop$3(WinApplication.java:174)
	at java.base/java.lang.Thread.run(Thread.java:832)
Caused by: java.lang.reflect.InvocationTargetException: null
	at java.base/jdk.internal.reflect.NativeMethodAccessorImpl.invoke0(Native Method)
	at java.base/jdk.internal.reflect.NativeMethodAccessorImpl.invoke(NativeMethodAccessorImpl.java:64)
	at java.base/jdk.internal.reflect.DelegatingMethodAccessorImpl.invoke(DelegatingMethodAccessorImpl.java:43)
	at java.base/java.lang.reflect.Method.invoke(Method.java:564)
	at com.sun.javafx.reflect.Trampoline.invoke(MethodUtil.java:76)
	at jdk.internal.reflect.GeneratedMethodAccessor2.invoke(Unknown Source)
	at java.base/jdk.internal.reflect.DelegatingMethodAccessorImpl.invoke(DelegatingMethodAccessorImpl.java:43)
	at java.base/java.lang.reflect.Method.invoke(Method.java:564)
	at javafx.base/com.sun.javafx.reflect.MethodUtil.invoke(MethodUtil.java:273)
	at javafx.fxml/com.sun.javafx.fxml.MethodHelper.invoke(MethodHelper.java:83)
	at javafx.fxml/javafx.fxml.FXMLLoader.loadImpl(FXMLLoader.java:2673)
	... 12 common frames omitted
Caused by: java.lang.IllegalArgumentException: Missing scheme
	at java.base/java.nio.file.Path.of(Path.java:199)
	at java.base/java.nio.file.Paths.get(Paths.java:98)
	at yuppymodule/model.ExtractProperties.<init>(ExtractProperties.java:27)
	at yuppymodule/screen.ScreenController.initialize(ScreenController.java:79)
	... 23 common frames omitted
2021-06-22 22:02:46,399 ERROR [JavaFX Application Thread] m.YuppyMain [YuppyMain.java : 41] Parent loading failed
javafx.fxml.LoadException: 
/C:/temp/workspace/workspace/yuppy-1.5/target/classes/InjectionScreen.fxml

	at javafx.fxml/javafx.fxml.FXMLLoader.constructLoadException(FXMLLoader.java:2707)
	at javafx.fxml/javafx.fxml.FXMLLoader.loadImpl(FXMLLoader.java:2677)
	at javafx.fxml/javafx.fxml.FXMLLoader.loadImpl(FXMLLoader.java:2548)
	at javafx.fxml/javafx.fxml.FXMLLoader.load(FXMLLoader.java:2517)
	at yuppymodule/main.YuppyMain.start(YuppyMain.java:39)
	at javafx.graphics/com.sun.javafx.application.LauncherImpl.lambda$launchApplication1$9(LauncherImpl.java:846)
	at javafx.graphics/com.sun.javafx.application.PlatformImpl.lambda$runAndWait$12(PlatformImpl.java:455)
	at javafx.graphics/com.sun.javafx.application.PlatformImpl.lambda$runLater$10(PlatformImpl.java:428)
	at java.base/java.security.AccessController.doPrivileged(AccessController.java:391)
	at javafx.graphics/com.sun.javafx.application.PlatformImpl.lambda$runLater$11(PlatformImpl.java:427)
	at javafx.graphics/com.sun.glass.ui.InvokeLaterDispatcher$Future.run(InvokeLaterDispatcher.java:96)
	at javafx.graphics/com.sun.glass.ui.win.WinApplication._runLoop(Native Method)
	at javafx.graphics/com.sun.glass.ui.win.WinApplication.lambda$runLoop$3(WinApplication.java:174)
	at java.base/java.lang.Thread.run(Thread.java:832)
Caused by: java.lang.reflect.InvocationTargetException: null
	at java.base/jdk.internal.reflect.NativeMethodAccessorImpl.invoke0(Native Method)
	at java.base/jdk.internal.reflect.NativeMethodAccessorImpl.invoke(NativeMethodAccessorImpl.java:64)
	at java.base/jdk.internal.reflect.DelegatingMethodAccessorImpl.invoke(DelegatingMethodAccessorImpl.java:43)
	at java.base/java.lang.reflect.Method.invoke(Method.java:564)
	at com.sun.javafx.reflect.Trampoline.invoke(MethodUtil.java:76)
	at jdk.internal.reflect.GeneratedMethodAccessor2.invoke(Unknown Source)
	at java.base/jdk.internal.reflect.DelegatingMethodAccessorImpl.invoke(DelegatingMethodAccessorImpl.java:43)
	at java.base/java.lang.reflect.Method.invoke(Method.java:564)
	at javafx.base/com.sun.javafx.reflect.MethodUtil.invoke(MethodUtil.java:273)
	at javafx.fxml/com.sun.javafx.fxml.MethodHelper.invoke(MethodHelper.java:83)
	at javafx.fxml/javafx.fxml.FXMLLoader.loadImpl(FXMLLoader.java:2673)
	... 12 common frames omitted
Caused by: java.lang.IllegalArgumentException: Missing scheme
	at java.base/java.nio.file.Path.of(Path.java:199)
	at java.base/java.nio.file.Paths.get(Paths.java:98)
	at yuppymodule/model.ExtractProperties.<init>(ExtractProperties.java:27)
	at yuppymodule/screen.ScreenController.initialize(ScreenController.java:79)
	... 23 common frames omitted
2021-06-22 23:54:32,378 ERROR [JavaFX Application Thread] m.YuppyMain [YuppyMain.java : 41] Parent loading failed
javafx.fxml.LoadException: 
/C:/temp/workspace/workspace/yuppy-1.5.1/target/classes/InjectionScreen.fxml:25

	at javafx.fxml/javafx.fxml.FXMLLoader.constructLoadException(FXMLLoader.java:2707)
	at javafx.fxml/javafx.fxml.FXMLLoader.loadImpl(FXMLLoader.java:2685)
	at javafx.fxml/javafx.fxml.FXMLLoader.loadImpl(FXMLLoader.java:2548)
	at javafx.fxml/javafx.fxml.FXMLLoader.load(FXMLLoader.java:2517)
	at yuppymodule/main.YuppyMain.start(YuppyMain.java:39)
	at javafx.graphics/com.sun.javafx.application.LauncherImpl.lambda$launchApplication1$9(LauncherImpl.java:846)
	at javafx.graphics/com.sun.javafx.application.PlatformImpl.lambda$runAndWait$12(PlatformImpl.java:455)
	at javafx.graphics/com.sun.javafx.application.PlatformImpl.lambda$runLater$10(PlatformImpl.java:428)
	at java.base/java.security.AccessController.doPrivileged(AccessController.java:391)
	at javafx.graphics/com.sun.javafx.application.PlatformImpl.lambda$runLater$11(PlatformImpl.java:427)
	at javafx.graphics/com.sun.glass.ui.InvokeLaterDispatcher$Future.run(InvokeLaterDispatcher.java:96)
	at javafx.graphics/com.sun.glass.ui.win.WinApplication._runLoop(Native Method)
	at javafx.graphics/com.sun.glass.ui.win.WinApplication.lambda$runLoop$3(WinApplication.java:174)
	at java.base/java.lang.Thread.run(Thread.java:832)
Caused by: java.lang.reflect.InaccessibleObjectException: Unable to make field private java.util.ResourceBundle screen.ScreenController.resources accessible: module yuppymodule does not "opens screen" to module javafx.fxml
	at java.base/java.lang.reflect.AccessibleObject.checkCanSetAccessible(AccessibleObject.java:361)
	at java.base/java.lang.reflect.AccessibleObject.checkCanSetAccessible(AccessibleObject.java:301)
	at java.base/java.lang.reflect.Field.checkCanSetAccessible(Field.java:177)
	at java.base/java.lang.reflect.Field.setAccessible(Field.java:171)
	at javafx.fxml/javafx.fxml.FXMLLoader$ControllerAccessor.addAccessibleFields(FXMLLoader.java:3565)
	at javafx.fxml/javafx.fxml.FXMLLoader$ControllerAccessor$1.run(FXMLLoader.java:3530)
	at javafx.fxml/javafx.fxml.FXMLLoader$ControllerAccessor$1.run(FXMLLoader.java:3526)
	at java.base/java.security.AccessController.doPrivileged(AccessController.java:312)
	at javafx.fxml/javafx.fxml.FXMLLoader$ControllerAccessor.addAccessibleMembers(FXMLLoader.java:3525)
	at javafx.fxml/javafx.fxml.FXMLLoader$ControllerAccessor.getControllerFields(FXMLLoader.java:3464)
	at javafx.fxml/javafx.fxml.FXMLLoader.injectFields(FXMLLoader.java:1172)
	at javafx.fxml/javafx.fxml.FXMLLoader$ValueElement.processValue(FXMLLoader.java:867)
	at javafx.fxml/javafx.fxml.FXMLLoader$ValueElement.processStartElement(FXMLLoader.java:761)
	at javafx.fxml/javafx.fxml.FXMLLoader.processStartElement(FXMLLoader.java:2808)
	at javafx.fxml/javafx.fxml.FXMLLoader.loadImpl(FXMLLoader.java:2634)
	... 12 common frames omitted
2021-06-22 23:59:06,169 ERROR [JavaFX Application Thread] m.YuppyMain [YuppyMain.java : 41] Parent loading failed
javafx.fxml.LoadException: 
/C:/temp/workspace/workspace/yuppy-1.5.1/target/classes/InjectionScreen.fxml:25

	at javafx.fxml/javafx.fxml.FXMLLoader.constructLoadException(FXMLLoader.java:2707)
	at javafx.fxml/javafx.fxml.FXMLLoader.loadImpl(FXMLLoader.java:2685)
	at javafx.fxml/javafx.fxml.FXMLLoader.loadImpl(FXMLLoader.java:2548)
	at javafx.fxml/javafx.fxml.FXMLLoader.load(FXMLLoader.java:2517)
	at yuppymodule/main.YuppyMain.start(YuppyMain.java:39)
	at javafx.graphics/com.sun.javafx.application.LauncherImpl.lambda$launchApplication1$9(LauncherImpl.java:846)
	at javafx.graphics/com.sun.javafx.application.PlatformImpl.lambda$runAndWait$12(PlatformImpl.java:455)
	at javafx.graphics/com.sun.javafx.application.PlatformImpl.lambda$runLater$10(PlatformImpl.java:428)
	at java.base/java.security.AccessController.doPrivileged(AccessController.java:391)
	at javafx.graphics/com.sun.javafx.application.PlatformImpl.lambda$runLater$11(PlatformImpl.java:427)
	at javafx.graphics/com.sun.glass.ui.InvokeLaterDispatcher$Future.run(InvokeLaterDispatcher.java:96)
	at javafx.graphics/com.sun.glass.ui.win.WinApplication._runLoop(Native Method)
	at javafx.graphics/com.sun.glass.ui.win.WinApplication.lambda$runLoop$3(WinApplication.java:174)
	at java.base/java.lang.Thread.run(Thread.java:832)
Caused by: java.lang.reflect.InaccessibleObjectException: Unable to make field private java.util.ResourceBundle screen.ScreenController.resources accessible: module yuppymodule does not "opens screen" to module javafx.fxml
	at java.base/java.lang.reflect.AccessibleObject.checkCanSetAccessible(AccessibleObject.java:361)
	at java.base/java.lang.reflect.AccessibleObject.checkCanSetAccessible(AccessibleObject.java:301)
	at java.base/java.lang.reflect.Field.checkCanSetAccessible(Field.java:177)
	at java.base/java.lang.reflect.Field.setAccessible(Field.java:171)
	at javafx.fxml/javafx.fxml.FXMLLoader$ControllerAccessor.addAccessibleFields(FXMLLoader.java:3565)
	at javafx.fxml/javafx.fxml.FXMLLoader$ControllerAccessor$1.run(FXMLLoader.java:3530)
	at javafx.fxml/javafx.fxml.FXMLLoader$ControllerAccessor$1.run(FXMLLoader.java:3526)
	at java.base/java.security.AccessController.doPrivileged(AccessController.java:312)
	at javafx.fxml/javafx.fxml.FXMLLoader$ControllerAccessor.addAccessibleMembers(FXMLLoader.java:3525)
	at javafx.fxml/javafx.fxml.FXMLLoader$ControllerAccessor.getControllerFields(FXMLLoader.java:3464)
	at javafx.fxml/javafx.fxml.FXMLLoader.injectFields(FXMLLoader.java:1172)
	at javafx.fxml/javafx.fxml.FXMLLoader$ValueElement.processValue(FXMLLoader.java:867)
	at javafx.fxml/javafx.fxml.FXMLLoader$ValueElement.processStartElement(FXMLLoader.java:761)
	at javafx.fxml/javafx.fxml.FXMLLoader.processStartElement(FXMLLoader.java:2808)
	at javafx.fxml/javafx.fxml.FXMLLoader.loadImpl(FXMLLoader.java:2634)
	... 12 common frames omitted
